{"C:\\Users\\Fran\\Documents\\Proyectos\\contact-list\\src\\App.js": {"path":"C:\\Users\\Fran\\Documents\\Proyectos\\contact-list\\src\\App.js","statementMap":{"0":{"start":{"line":12,"column":19},"end":{"line":12,"column":32}},"1":{"start":{"line":13,"column":43},"end":{"line":15,"column":3}},"2":{"start":{"line":14,"column":15},"end":{"line":14,"column":29}},"3":{"start":{"line":16,"column":22},"end":{"line":16,"column":67}},"4":{"start":{"line":16,"column":45},"end":{"line":16,"column":66}},"5":{"start":{"line":17,"column":32},"end":{"line":17,"column":44}},"6":{"start":{"line":18,"column":18},"end":{"line":21,"column":3}},"7":{"start":{"line":19,"column":24},"end":{"line":19,"column":41}},"8":{"start":{"line":20,"column":4},"end":{"line":20,"column":54}},"9":{"start":{"line":23,"column":2},"end":{"line":25,"column":9}},"10":{"start":{"line":24,"column":4},"end":{"line":24,"column":14}},"11":{"start":{"line":27,"column":2},"end":{"line":29,"column":50}},"12":{"start":{"line":28,"column":4},"end":{"line":28,"column":33}},"13":{"start":{"line":31,"column":26},"end":{"line":36,"column":3}},"14":{"start":{"line":32,"column":17},"end":{"line":34,"column":6}},"15":{"start":{"line":33,"column":6},"end":{"line":33,"column":69}},"16":{"start":{"line":35,"column":4},"end":{"line":35,"column":21}},"17":{"start":{"line":37,"column":2},"end":{"line":48,"column":4}},"18":{"start":{"line":42,"column":10},"end":{"line":44,"column":16}}},"fnMap":{"0":{"name":"App","decl":{"start":{"line":11,"column":9},"end":{"line":11,"column":12}},"loc":{"start":{"line":11,"column":15},"end":{"line":49,"column":1}},"line":11},"1":{"name":"(anonymous_1)","decl":{"start":{"line":14,"column":4},"end":{"line":14,"column":5}},"loc":{"start":{"line":14,"column":15},"end":{"line":14,"column":29}},"line":14},"2":{"name":"(anonymous_2)","decl":{"start":{"line":16,"column":34},"end":{"line":16,"column":35}},"loc":{"start":{"line":16,"column":45},"end":{"line":16,"column":66}},"line":16},"3":{"name":"(anonymous_3)","decl":{"start":{"line":18,"column":18},"end":{"line":18,"column":19}},"loc":{"start":{"line":18,"column":30},"end":{"line":21,"column":3}},"line":18},"4":{"name":"(anonymous_4)","decl":{"start":{"line":23,"column":12},"end":{"line":23,"column":13}},"loc":{"start":{"line":23,"column":18},"end":{"line":25,"column":3}},"line":23},"5":{"name":"(anonymous_5)","decl":{"start":{"line":27,"column":12},"end":{"line":27,"column":13}},"loc":{"start":{"line":27,"column":18},"end":{"line":29,"column":3}},"line":27},"6":{"name":"(anonymous_6)","decl":{"start":{"line":31,"column":26},"end":{"line":31,"column":27}},"loc":{"start":{"line":31,"column":36},"end":{"line":36,"column":3}},"line":31},"7":{"name":"(anonymous_7)","decl":{"start":{"line":32,"column":40},"end":{"line":32,"column":41}},"loc":{"start":{"line":33,"column":6},"end":{"line":33,"column":69}},"line":33},"8":{"name":"(anonymous_8)","decl":{"start":{"line":41,"column":29},"end":{"line":41,"column":30}},"loc":{"start":{"line":42,"column":10},"end":{"line":44,"column":16}},"line":42}},"branchMap":{"0":{"loc":{"start":{"line":43,"column":13},"end":{"line":43,"column":38}},"type":"cond-expr","locations":[{"start":{"line":43,"column":23},"end":{"line":43,"column":30}},{"start":{"line":43,"column":33},"end":{"line":43,"column":38}}],"line":43}},"s":{"0":0,"1":0,"2":0,"3":0,"4":0,"5":0,"6":0,"7":0,"8":0,"9":0,"10":0,"11":0,"12":0,"13":0,"14":0,"15":0,"16":0,"17":0,"18":0},"f":{"0":0,"1":0,"2":0,"3":0,"4":0,"5":0,"6":0,"7":0,"8":0},"b":{"0":[0,0]},"_coverageSchema":"1a1c01bbd47fc00a2c39e90264f33305004495a9","hash":"381454ded871d8e55261c1ea20b53dd488a3e2ff"}
,"C:\\Users\\Fran\\Documents\\Proyectos\\contact-list\\src\\components\\ContactCard\\index.js": {"path":"C:\\Users\\Fran\\Documents\\Proyectos\\contact-list\\src\\components\\ContactCard\\index.js","statementMap":{"0":{"start":{"line":19,"column":6},"end":{"line":19,"column":10}},"1":{"start":{"line":20,"column":19},"end":{"line":20,"column":32}},"2":{"start":{"line":21,"column":34},"end":{"line":21,"column":49}},"3":{"start":{"line":22,"column":22},"end":{"line":27,"column":3}},"4":{"start":{"line":23,"column":4},"end":{"line":23,"column":37}},"5":{"start":{"line":24,"column":4},"end":{"line":26,"column":5}},"6":{"start":{"line":25,"column":6},"end":{"line":25,"column":29}},"7":{"start":{"line":29,"column":20},"end":{"line":32,"column":3}},"8":{"start":{"line":30,"column":4},"end":{"line":30,"column":37}},"9":{"start":{"line":31,"column":4},"end":{"line":31,"column":23}},"10":{"start":{"line":34,"column":2},"end":{"line":36,"column":21}},"11":{"start":{"line":35,"column":4},"end":{"line":35,"column":33}},"12":{"start":{"line":38,"column":2},"end":{"line":105,"column":4}}},"fnMap":{"0":{"name":"ContactCard","decl":{"start":{"line":6,"column":24},"end":{"line":6,"column":35}},"loc":{"start":{"line":6,"column":63},"end":{"line":106,"column":1}},"line":6},"1":{"name":"(anonymous_1)","decl":{"start":{"line":22,"column":22},"end":{"line":22,"column":23}},"loc":{"start":{"line":22,"column":28},"end":{"line":27,"column":3}},"line":22},"2":{"name":"(anonymous_2)","decl":{"start":{"line":29,"column":20},"end":{"line":29,"column":21}},"loc":{"start":{"line":29,"column":26},"end":{"line":32,"column":3}},"line":29},"3":{"name":"(anonymous_3)","decl":{"start":{"line":34,"column":12},"end":{"line":34,"column":13}},"loc":{"start":{"line":34,"column":18},"end":{"line":36,"column":3}},"line":34}},"branchMap":{"0":{"loc":{"start":{"line":24,"column":4},"end":{"line":26,"column":5}},"type":"if","locations":[{"start":{"line":24,"column":4},"end":{"line":26,"column":5}},{"start":{"line":24,"column":4},"end":{"line":26,"column":5}}],"line":24},"1":{"loc":{"start":{"line":42,"column":8},"end":{"line":42,"column":60}},"type":"cond-expr","locations":[{"start":{"line":42,"column":19},"end":{"line":42,"column":38}},{"start":{"line":42,"column":41},"end":{"line":42,"column":60}}],"line":42},"2":{"loc":{"start":{"line":48,"column":10},"end":{"line":48,"column":34}},"type":"cond-expr","locations":[{"start":{"line":48,"column":21},"end":{"line":48,"column":29}},{"start":{"line":48,"column":32},"end":{"line":48,"column":34}}],"line":48},"3":{"loc":{"start":{"line":55,"column":10},"end":{"line":55,"column":72}},"type":"cond-expr","locations":[{"start":{"line":55,"column":21},"end":{"line":55,"column":45}},{"start":{"line":55,"column":48},"end":{"line":55,"column":72}}],"line":55},"4":{"loc":{"start":{"line":97,"column":10},"end":{"line":97,"column":51}},"type":"cond-expr","locations":[{"start":{"line":97,"column":21},"end":{"line":97,"column":46}},{"start":{"line":97,"column":49},"end":{"line":97,"column":51}}],"line":97}},"s":{"0":12,"1":12,"2":12,"3":12,"4":2,"5":2,"6":1,"7":12,"8":1,"9":1,"10":12,"11":6,"12":12},"f":{"0":12,"1":2,"2":1,"3":6},"b":{"0":[1,1],"1":[5,7],"2":[5,7],"3":[5,7],"4":[5,7]},"_coverageSchema":"1a1c01bbd47fc00a2c39e90264f33305004495a9","hash":"9d432e0cf45f26b9406ad76354d24ce5f2456ede"}
,"C:\\Users\\Fran\\Documents\\Proyectos\\contact-list\\src\\components\\ContactCard\\tests\\helper.js": {"path":"C:\\Users\\Fran\\Documents\\Proyectos\\contact-list\\src\\components\\ContactCard\\tests\\helper.js","statementMap":{"0":{"start":{"line":1,"column":21},"end":{"line":16,"column":1}},"1":{"start":{"line":18,"column":28},"end":{"line":18,"column":51}},"2":{"start":{"line":19,"column":28},"end":{"line":19,"column":47}}},"fnMap":{},"branchMap":{},"s":{"0":1,"1":1,"2":1},"f":{},"b":{},"_coverageSchema":"1a1c01bbd47fc00a2c39e90264f33305004495a9","hash":"bb890e9ff51dfe8d3432bbf0819c407c0791af61"}
,"C:\\Users\\Fran\\Documents\\Proyectos\\contact-list\\src\\utils\\testUtils\\index.js": {"path":"C:\\Users\\Fran\\Documents\\Proyectos\\contact-list\\src\\utils\\testUtils\\index.js","statementMap":{},"fnMap":{},"branchMap":{},"s":{},"f":{},"b":{}}
}
