{"C:\\Users\\Fran\\Documents\\Proyectos\\contact-list\\src\\App.js": {"path":"C:\\Users\\Fran\\Documents\\Proyectos\\contact-list\\src\\App.js","statementMap":{"0":{"start":{"line":4,"column":12},"end":{"line":10,"column":1}},"1":{"start":{"line":5,"column":2},"end":{"line":9,"column":4}}},"fnMap":{"0":{"name":"(anonymous_0)","decl":{"start":{"line":4,"column":12},"end":{"line":4,"column":13}},"loc":{"start":{"line":4,"column":18},"end":{"line":10,"column":1}},"line":4}},"branchMap":{},"s":{"0":0,"1":0},"f":{"0":0},"b":{}}
,"C:\\Users\\Fran\\Documents\\Proyectos\\contact-list\\src\\components\\ContactCard\\index.js": {"path":"C:\\Users\\Fran\\Documents\\Proyectos\\contact-list\\src\\components\\ContactCard\\index.js","statementMap":{"0":{"start":{"line":19,"column":6},"end":{"line":19,"column":10}},"1":{"start":{"line":20,"column":19},"end":{"line":20,"column":32}},"2":{"start":{"line":21,"column":34},"end":{"line":21,"column":49}},"3":{"start":{"line":22,"column":22},"end":{"line":27,"column":3}},"4":{"start":{"line":23,"column":4},"end":{"line":23,"column":37}},"5":{"start":{"line":24,"column":4},"end":{"line":26,"column":5}},"6":{"start":{"line":25,"column":6},"end":{"line":25,"column":29}},"7":{"start":{"line":29,"column":20},"end":{"line":32,"column":3}},"8":{"start":{"line":30,"column":4},"end":{"line":30,"column":37}},"9":{"start":{"line":31,"column":4},"end":{"line":31,"column":23}},"10":{"start":{"line":34,"column":2},"end":{"line":36,"column":21}},"11":{"start":{"line":35,"column":4},"end":{"line":35,"column":33}},"12":{"start":{"line":38,"column":2},"end":{"line":117,"column":4}}},"fnMap":{"0":{"name":"ContactCard","decl":{"start":{"line":6,"column":24},"end":{"line":6,"column":35}},"loc":{"start":{"line":6,"column":63},"end":{"line":118,"column":1}},"line":6},"1":{"name":"(anonymous_1)","decl":{"start":{"line":22,"column":22},"end":{"line":22,"column":23}},"loc":{"start":{"line":22,"column":28},"end":{"line":27,"column":3}},"line":22},"2":{"name":"(anonymous_2)","decl":{"start":{"line":29,"column":20},"end":{"line":29,"column":21}},"loc":{"start":{"line":29,"column":26},"end":{"line":32,"column":3}},"line":29},"3":{"name":"(anonymous_3)","decl":{"start":{"line":34,"column":12},"end":{"line":34,"column":13}},"loc":{"start":{"line":34,"column":18},"end":{"line":36,"column":3}},"line":34}},"branchMap":{"0":{"loc":{"start":{"line":24,"column":4},"end":{"line":26,"column":5}},"type":"if","locations":[{"start":{"line":24,"column":4},"end":{"line":26,"column":5}},{"start":{"line":24,"column":4},"end":{"line":26,"column":5}}],"line":24},"1":{"loc":{"start":{"line":42,"column":8},"end":{"line":42,"column":60}},"type":"cond-expr","locations":[{"start":{"line":42,"column":19},"end":{"line":42,"column":38}},{"start":{"line":42,"column":41},"end":{"line":42,"column":60}}],"line":42},"2":{"loc":{"start":{"line":48,"column":10},"end":{"line":48,"column":34}},"type":"cond-expr","locations":[{"start":{"line":48,"column":21},"end":{"line":48,"column":29}},{"start":{"line":48,"column":32},"end":{"line":48,"column":34}}],"line":48},"3":{"loc":{"start":{"line":55,"column":10},"end":{"line":55,"column":72}},"type":"cond-expr","locations":[{"start":{"line":55,"column":21},"end":{"line":55,"column":45}},{"start":{"line":55,"column":48},"end":{"line":55,"column":72}}],"line":55},"4":{"loc":{"start":{"line":68,"column":11},"end":{"line":73,"column":11}},"type":"binary-expr","locations":[{"start":{"line":68,"column":11},"end":{"line":68,"column":16}},{"start":{"line":69,"column":12},"end":{"line":72,"column":19}}],"line":68},"5":{"loc":{"start":{"line":74,"column":11},"end":{"line":79,"column":11}},"type":"binary-expr","locations":[{"start":{"line":74,"column":11},"end":{"line":74,"column":16}},{"start":{"line":75,"column":12},"end":{"line":78,"column":19}}],"line":74},"6":{"loc":{"start":{"line":80,"column":11},"end":{"line":85,"column":11}},"type":"binary-expr","locations":[{"start":{"line":80,"column":11},"end":{"line":80,"column":22}},{"start":{"line":81,"column":12},"end":{"line":84,"column":19}}],"line":80},"7":{"loc":{"start":{"line":86,"column":11},"end":{"line":91,"column":11}},"type":"binary-expr","locations":[{"start":{"line":86,"column":11},"end":{"line":86,"column":15}},{"start":{"line":87,"column":12},"end":{"line":90,"column":19}}],"line":86},"8":{"loc":{"start":{"line":92,"column":11},"end":{"line":97,"column":11}},"type":"binary-expr","locations":[{"start":{"line":92,"column":11},"end":{"line":92,"column":16}},{"start":{"line":93,"column":12},"end":{"line":96,"column":19}}],"line":92},"9":{"loc":{"start":{"line":98,"column":11},"end":{"line":103,"column":11}},"type":"binary-expr","locations":[{"start":{"line":98,"column":11},"end":{"line":98,"column":19}},{"start":{"line":99,"column":12},"end":{"line":102,"column":19}}],"line":98},"10":{"loc":{"start":{"line":109,"column":10},"end":{"line":109,"column":51}},"type":"cond-expr","locations":[{"start":{"line":109,"column":21},"end":{"line":109,"column":46}},{"start":{"line":109,"column":49},"end":{"line":109,"column":51}}],"line":109}},"s":{"0":12,"1":12,"2":12,"3":12,"4":2,"5":2,"6":1,"7":12,"8":1,"9":1,"10":12,"11":6,"12":12},"f":{"0":12,"1":2,"2":1,"3":6},"b":{"0":[1,1],"1":[5,7],"2":[5,7],"3":[5,7],"4":[12,12],"5":[12,12],"6":[12,12],"7":[12,12],"8":[12,12],"9":[12,12],"10":[5,7]},"_coverageSchema":"1a1c01bbd47fc00a2c39e90264f33305004495a9","hash":"5a05e3cf71da1529c703d8c4aa21bba6c0d226e5"}
,"C:\\Users\\Fran\\Documents\\Proyectos\\contact-list\\src\\components\\ContactCard\\tests\\helper.js": {"path":"C:\\Users\\Fran\\Documents\\Proyectos\\contact-list\\src\\components\\ContactCard\\tests\\helper.js","statementMap":{"0":{"start":{"line":1,"column":21},"end":{"line":16,"column":1}},"1":{"start":{"line":18,"column":28},"end":{"line":18,"column":51}},"2":{"start":{"line":19,"column":28},"end":{"line":19,"column":47}}},"fnMap":{},"branchMap":{},"s":{"0":1,"1":1,"2":1},"f":{},"b":{},"_coverageSchema":"1a1c01bbd47fc00a2c39e90264f33305004495a9","hash":"bb890e9ff51dfe8d3432bbf0819c407c0791af61"}
,"C:\\Users\\Fran\\Documents\\Proyectos\\contact-list\\src\\components\\ContactItem\\index.js": {"path":"C:\\Users\\Fran\\Documents\\Proyectos\\contact-list\\src\\components\\ContactItem\\index.js","statementMap":{"0":{"start":{"line":5,"column":2},"end":{"line":5,"column":58}}},"fnMap":{"0":{"name":"ContactItem","decl":{"start":{"line":4,"column":24},"end":{"line":4,"column":35}},"loc":{"start":{"line":4,"column":53},"end":{"line":6,"column":1}},"line":4}},"branchMap":{},"s":{"0":0},"f":{"0":0},"b":{}}
,"C:\\Users\\Fran\\Documents\\Proyectos\\contact-list\\src\\components\\TabBar\\index.js": {"path":"C:\\Users\\Fran\\Documents\\Proyectos\\contact-list\\src\\components\\TabBar\\index.js","statementMap":{"0":{"start":{"line":9,"column":19},"end":{"line":9,"column":32}},"1":{"start":{"line":10,"column":22},"end":{"line":10,"column":67}},"2":{"start":{"line":10,"column":45},"end":{"line":10,"column":66}},"3":{"start":{"line":12,"column":36},"end":{"line":12,"column":57}},"4":{"start":{"line":14,"column":25},"end":{"line":17,"column":3}},"5":{"start":{"line":15,"column":4},"end":{"line":15,"column":29}},"6":{"start":{"line":16,"column":4},"end":{"line":16,"column":22}},"7":{"start":{"line":18,"column":2},"end":{"line":44,"column":4}},"8":{"start":{"line":23,"column":40},"end":{"line":23,"column":51}},"9":{"start":{"line":24,"column":12},"end":{"line":32,"column":14}},"10":{"start":{"line":39,"column":10},"end":{"line":39,"column":64}},"11":{"start":{"line":39,"column":47},"end":{"line":39,"column":64}},"12":{"start":{"line":40,"column":10},"end":{"line":40,"column":38}}},"fnMap":{"0":{"name":"TabBar","decl":{"start":{"line":8,"column":24},"end":{"line":8,"column":30}},"loc":{"start":{"line":8,"column":45},"end":{"line":45,"column":1}},"line":8},"1":{"name":"(anonymous_1)","decl":{"start":{"line":10,"column":34},"end":{"line":10,"column":35}},"loc":{"start":{"line":10,"column":45},"end":{"line":10,"column":66}},"line":10},"2":{"name":"(anonymous_2)","decl":{"start":{"line":14,"column":25},"end":{"line":14,"column":26}},"loc":{"start":{"line":14,"column":34},"end":{"line":17,"column":3}},"line":14},"3":{"name":"(anonymous_3)","decl":{"start":{"line":22,"column":24},"end":{"line":22,"column":25}},"loc":{"start":{"line":22,"column":42},"end":{"line":33,"column":11}},"line":22},"4":{"name":"(anonymous_4)","decl":{"start":{"line":38,"column":22},"end":{"line":38,"column":23}},"loc":{"start":{"line":38,"column":33},"end":{"line":41,"column":9}},"line":38}},"branchMap":{"0":{"loc":{"start":{"line":39,"column":10},"end":{"line":39,"column":64}},"type":"if","locations":[{"start":{"line":39,"column":10},"end":{"line":39,"column":64}},{"start":{"line":39,"column":10},"end":{"line":39,"column":64}}],"line":39}},"s":{"0":0,"1":0,"2":0,"3":0,"4":0,"5":0,"6":0,"7":0,"8":0,"9":0,"10":0,"11":0,"12":0},"f":{"0":0,"1":0,"2":0,"3":0,"4":0},"b":{"0":[0,0]}}
,"C:\\Users\\Fran\\Documents\\Proyectos\\contact-list\\src\\views\\Home\\index.js": {"path":"C:\\Users\\Fran\\Documents\\Proyectos\\contact-list\\src\\views\\Home\\index.js","statementMap":{"0":{"start":{"line":11,"column":13},"end":{"line":49,"column":1}},"1":{"start":{"line":12,"column":19},"end":{"line":12,"column":32}},"2":{"start":{"line":13,"column":43},"end":{"line":15,"column":3}},"3":{"start":{"line":14,"column":15},"end":{"line":14,"column":29}},"4":{"start":{"line":16,"column":22},"end":{"line":16,"column":67}},"5":{"start":{"line":16,"column":45},"end":{"line":16,"column":66}},"6":{"start":{"line":17,"column":32},"end":{"line":17,"column":44}},"7":{"start":{"line":18,"column":18},"end":{"line":21,"column":3}},"8":{"start":{"line":19,"column":24},"end":{"line":19,"column":41}},"9":{"start":{"line":20,"column":4},"end":{"line":20,"column":54}},"10":{"start":{"line":23,"column":2},"end":{"line":25,"column":9}},"11":{"start":{"line":24,"column":4},"end":{"line":24,"column":14}},"12":{"start":{"line":27,"column":2},"end":{"line":29,"column":50}},"13":{"start":{"line":28,"column":4},"end":{"line":28,"column":33}},"14":{"start":{"line":31,"column":26},"end":{"line":36,"column":3}},"15":{"start":{"line":32,"column":17},"end":{"line":34,"column":6}},"16":{"start":{"line":33,"column":6},"end":{"line":33,"column":69}},"17":{"start":{"line":35,"column":4},"end":{"line":35,"column":21}},"18":{"start":{"line":37,"column":2},"end":{"line":48,"column":4}},"19":{"start":{"line":42,"column":10},"end":{"line":44,"column":16}}},"fnMap":{"0":{"name":"(anonymous_0)","decl":{"start":{"line":11,"column":13},"end":{"line":11,"column":14}},"loc":{"start":{"line":11,"column":19},"end":{"line":49,"column":1}},"line":11},"1":{"name":"(anonymous_1)","decl":{"start":{"line":14,"column":4},"end":{"line":14,"column":5}},"loc":{"start":{"line":14,"column":15},"end":{"line":14,"column":29}},"line":14},"2":{"name":"(anonymous_2)","decl":{"start":{"line":16,"column":34},"end":{"line":16,"column":35}},"loc":{"start":{"line":16,"column":45},"end":{"line":16,"column":66}},"line":16},"3":{"name":"(anonymous_3)","decl":{"start":{"line":18,"column":18},"end":{"line":18,"column":19}},"loc":{"start":{"line":18,"column":30},"end":{"line":21,"column":3}},"line":18},"4":{"name":"(anonymous_4)","decl":{"start":{"line":23,"column":12},"end":{"line":23,"column":13}},"loc":{"start":{"line":23,"column":18},"end":{"line":25,"column":3}},"line":23},"5":{"name":"(anonymous_5)","decl":{"start":{"line":27,"column":12},"end":{"line":27,"column":13}},"loc":{"start":{"line":27,"column":18},"end":{"line":29,"column":3}},"line":27},"6":{"name":"(anonymous_6)","decl":{"start":{"line":31,"column":26},"end":{"line":31,"column":27}},"loc":{"start":{"line":31,"column":36},"end":{"line":36,"column":3}},"line":31},"7":{"name":"(anonymous_7)","decl":{"start":{"line":32,"column":40},"end":{"line":32,"column":41}},"loc":{"start":{"line":33,"column":6},"end":{"line":33,"column":69}},"line":33},"8":{"name":"(anonymous_8)","decl":{"start":{"line":41,"column":29},"end":{"line":41,"column":30}},"loc":{"start":{"line":42,"column":10},"end":{"line":44,"column":16}},"line":42}},"branchMap":{"0":{"loc":{"start":{"line":43,"column":13},"end":{"line":43,"column":38}},"type":"cond-expr","locations":[{"start":{"line":43,"column":23},"end":{"line":43,"column":30}},{"start":{"line":43,"column":33},"end":{"line":43,"column":38}}],"line":43}},"s":{"0":0,"1":0,"2":0,"3":0,"4":0,"5":0,"6":0,"7":0,"8":0,"9":0,"10":0,"11":0,"12":0,"13":0,"14":0,"15":0,"16":0,"17":0,"18":0,"19":0},"f":{"0":0,"1":0,"2":0,"3":0,"4":0,"5":0,"6":0,"7":0,"8":0},"b":{"0":[0,0]}}
}
