TN:
SF:src\App.js
FN:11,App
FN:14,(anonymous_1)
FN:16,(anonymous_2)
FN:18,(anonymous_3)
FN:23,(anonymous_4)
FN:27,(anonymous_5)
FN:31,(anonymous_6)
FN:32,(anonymous_7)
FN:41,(anonymous_8)
FNF:9
FNH:0
FNDA:0,App
FNDA:0,(anonymous_1)
FNDA:0,(anonymous_2)
FNDA:0,(anonymous_3)
FNDA:0,(anonymous_4)
FNDA:0,(anonymous_5)
FNDA:0,(anonymous_6)
FNDA:0,(anonymous_7)
FNDA:0,(anonymous_8)
DA:12,0
DA:13,0
DA:14,0
DA:16,0
DA:17,0
DA:18,0
DA:19,0
DA:20,0
DA:23,0
DA:24,0
DA:27,0
DA:28,0
DA:31,0
DA:32,0
DA:33,0
DA:35,0
DA:37,0
DA:42,0
LF:18
LH:0
BRDA:43,0,0,0
BRDA:43,0,1,0
BRF:2
BRH:0
end_of_record
TN:
SF:src\components\ContactCard\index.js
FN:6,ContactCard
FN:22,(anonymous_1)
FN:29,(anonymous_2)
FN:34,(anonymous_3)
FNF:4
FNH:4
FNDA:12,ContactCard
FNDA:2,(anonymous_1)
FNDA:1,(anonymous_2)
FNDA:6,(anonymous_3)
DA:19,12
DA:20,12
DA:21,12
DA:22,12
DA:23,2
DA:24,2
DA:25,1
DA:29,12
DA:30,1
DA:31,1
DA:34,12
DA:35,6
DA:38,12
LF:13
LH:13
BRDA:24,0,0,1
BRDA:24,0,1,1
BRDA:42,1,0,5
BRDA:42,1,1,7
BRDA:48,2,0,5
BRDA:48,2,1,7
BRDA:55,3,0,5
BRDA:55,3,1,7
BRDA:97,4,0,5
BRDA:97,4,1,7
BRF:10
BRH:10
end_of_record
TN:
SF:src\components\ContactCard\tests\helper.js
FNF:0
FNH:0
DA:1,1
DA:18,1
DA:19,1
LF:3
LH:3
BRF:0
BRH:0
end_of_record
TN:
SF:src\utils\testUtils\index.js
FNF:0
FNH:0
LF:0
LH:0
BRF:0
BRH:0
end_of_record
